2026-06-25 06:32:09,909 - INFO - Loading PDF files from the specified path.
2026-06-25 06:32:09,909 - INFO - Loading PDF file from path: /Users/tyrion/Documents/llmops/RAG Medical Bot/data/The_GALE_ENCYCLOPEDIA_of_MEDICINE_SECOND.pdf
2026-06-25 06:32:18,819 - INFO - Loaded 759 documents from the specified path: /Users/tyrion/Documents/llmops/RAG Medical Bot/data/The_GALE_ENCYCLOPEDIA_of_MEDICINE_SECOND.pdf
2026-06-25 06:32:18,821 - INFO - Loaded 759 PDF pages from the specified path.
2026-06-25 06:32:18,821 - INFO - Splitting documents into chunks with size 500 and overlap 50
2026-06-25 06:32:18,908 - INFO - Created 7080 text chunks from the documents
2026-06-25 06:32:18,908 - INFO - Creating FAISS vector store from 7080 text chunks.
2026-06-25 06:32:18,908 - INFO - FAISS vector store output path: /Users/tyrion/Documents/llmops/RAG Medical Bot/vectorstore/db_faiss
2026-06-25 06:32:18,908 - INFO - Initializing HuggingFaceHubEmbeddings with the specified model.
2026-06-25 06:32:20,960 - INFO - No device provided, using cpu
2026-06-25 06:32:20,963 - WARNING - '(MaxRetryError('HTTPSConnectionPool(host=\'huggingface.co\', port=443): Max retries exceeded with url: /sentence-transformers/all-MiniLM-L6-v2/resolve/main/modules.json (Caused by NameResolutionError("HTTPSConnection(host=\'huggingface.co\', port=443): Failed to resolve \'huggingface.co\' ([Errno 8] nodename nor servname provided, or not known)"))'), '(Request ID: 0577b463-e4f6-4f77-b275-b2447f86ca9c)')' thrown while requesting HEAD https://huggingface.co/sentence-transformers/all-MiniLM-L6-v2/resolve/main/./modules.json
2026-06-25 06:32:20,963 - WARNING - Retrying in 1s [Retry 1/5].
2026-06-25 06:32:21,969 - WARNING - '(MaxRetryError('HTTPSConnectionPool(host=\'huggingface.co\', port=443): Max retries exceeded with url: /sentence-transformers/all-MiniLM-L6-v2/resolve/main/modules.json (Caused by NameResolutionError("HTTPSConnection(host=\'huggingface.co\', port=443): Failed to resolve \'huggingface.co\' ([Errno 8] nodename nor servname provided, or not known)"))'), '(Request ID: 33d2ec96-4c56-44fb-a160-006fd5a5dc77)')' thrown while requesting HEAD https://huggingface.co/sentence-transformers/all-MiniLM-L6-v2/resolve/main/./modules.json
2026-06-25 06:32:21,969 - WARNING - Retrying in 2s [Retry 2/5].
2026-06-25 06:32:23,975 - WARNING - '(MaxRetryError('HTTPSConnectionPool(host=\'huggingface.co\', port=443): Max retries exceeded with url: /sentence-transformers/all-MiniLM-L6-v2/resolve/main/modules.json (Caused by NameResolutionError("HTTPSConnection(host=\'huggingface.co\', port=443): Failed to resolve \'huggingface.co\' ([Errno 8] nodename nor servname provided, or not known)"))'), '(Request ID: 90434ecc-4c6e-48ea-93b6-9ca77e0f9b8b)')' thrown while requesting HEAD https://huggingface.co/sentence-transformers/all-MiniLM-L6-v2/resolve/main/./modules.json
2026-06-25 06:32:23,975 - WARNING - Retrying in 4s [Retry 3/5].
2026-06-25 06:32:27,982 - WARNING - '(MaxRetryError('HTTPSConnectionPool(host=\'huggingface.co\', port=443): Max retries exceeded with url: /sentence-transformers/all-MiniLM-L6-v2/resolve/main/modules.json (Caused by NameResolutionError("HTTPSConnection(host=\'huggingface.co\', port=443): Failed to resolve \'huggingface.co\' ([Errno 8] nodename nor servname provided, or not known)"))'), '(Request ID: 5db7a13b-3e87-48f2-b8ce-638cc5654200)')' thrown while requesting HEAD https://huggingface.co/sentence-transformers/all-MiniLM-L6-v2/resolve/main/./modules.json
2026-06-25 06:32:27,982 - WARNING - Retrying in 8s [Retry 4/5].
2026-06-25 06:32:35,993 - WARNING - '(MaxRetryError('HTTPSConnectionPool(host=\'huggingface.co\', port=443): Max retries exceeded with url: /sentence-transformers/all-MiniLM-L6-v2/resolve/main/modules.json (Caused by NameResolutionError("HTTPSConnection(host=\'huggingface.co\', port=443): Failed to resolve \'huggingface.co\' ([Errno 8] nodename nor servname provided, or not known)"))'), '(Request ID: c3ab3922-08f7-4172-9675-6287e4b6757b)')' thrown while requesting HEAD https://huggingface.co/sentence-transformers/all-MiniLM-L6-v2/resolve/main/./modules.json
2026-06-25 06:32:35,994 - WARNING - Retrying in 8s [Retry 5/5].
